# JRE version: OpenJDK Runtime Environment (8.0_242-b01) (build 1.8.0_242-release-1644-b01)
# Java VM: OpenJDK 64-Bit Server VM (25.242-b01 mixed mode windows-amd64 compressed oops)
Heap:
 PSYoungGen      total 300032K, used 124415K [0x00000000d5580000, 0x00000000e9a80000, 0x0000000100000000)
  eden space 267264K, 34% used [0x00000000d5580000,0x00000000daf00768,0x00000000e5a80000)
  from space 32768K, 99% used [0x00000000e5a80000,0x00000000e7a7f638,0x00000000e7a80000)
  to   space 28672K, 0% used [0x00000000e7e80000,0x00000000e7e80000,0x00000000e9a80000)
 ParOldGen       total 126976K, used 54571K [0x0000000080000000, 0x0000000087c00000, 0x00000000d5580000)
  object space 126976K, 42% used [0x0000000080000000,0x000000008354ad70,0x0000000087c00000)
 Metaspace       used 76316K, capacity 80388K, committed 80552K, reserved 1118208K
  class space    used 10102K, capacity 10880K, committed 10928K, reserved 1048576K
GC Heap History (10 events):
Event: 7.453 GC heap before
{Heap before GC invocations=16 (full 3):
 PSYoungGen      total 220160K, used 200704K [0x00000000d5580000, 0x00000000e4780000, 0x0000000100000000)
  eden space 200704K, 100% used [0x00000000d5580000,0x00000000e1980000,0x00000000e1980000)
  from space 19456K, 0% used [0x00000000e2d80000,0x00000000e2d80000,0x00000000e4080000)
  to   space 20480K, 0% used [0x00000000e1980000,0x00000000e1980000,0x00000000e2d80000)
 ParOldGen       total 126976K, used 34599K [0x0000000080000000, 0x0000000087c00000, 0x00000000d5580000)
  object space 126976K, 27% used [0x0000000080000000,0x00000000821c9fd8,0x0000000087c00000)
 Metaspace       used 64739K, capacity 68048K, committed 68264K, reserved 1107968K
  class space    used 8933K, capacity 9594K, committed 9648K, reserved 1048576K
Event: 7.471 GC heap after
Heap after GC invocations=16 (full 3):
 PSYoungGen      total 221184K, used 17287K [0x00000000d5580000, 0x00000000e6b00000, 0x0000000100000000)
  eden space 200704K, 0% used [0x00000000d5580000,0x00000000d5580000,0x00000000e1980000)
  from space 20480K, 84% used [0x00000000e1980000,0x00000000e2a61f80,0x00000000e2d80000)
  to   space 22528K, 0% used [0x00000000e5500000,0x00000000e5500000,0x00000000e6b00000)
 ParOldGen       total 126976K, used 34607K [0x0000000080000000, 0x0000000087c00000, 0x00000000d5580000)
  object space 126976K, 27% used [0x0000000080000000,0x00000000821cbfd8,0x0000000087c00000)
 Metaspace       used 64739K, capacity 68048K, committed 68264K, reserved 1107968K
  class space    used 8933K, capacity 9594K, committed 9648K, reserved 1048576K
}
Event: 8.809 GC heap before
{Heap before GC invocations=17 (full 3):
 PSYoungGen      total 221184K, used 217988K [0x00000000d5580000, 0x00000000e6b00000, 0x0000000100000000)
  eden space 200704K, 99% used [0x00000000d5580000,0x00000000e197f0e0,0x00000000e1980000)
  from space 20480K, 84% used [0x00000000e1980000,0x00000000e2a61f80,0x00000000e2d80000)
  to   space 22528K, 0% used [0x00000000e5500000,0x00000000e5500000,0x00000000e6b00000)
 ParOldGen       total 126976K, used 34607K [0x0000000080000000, 0x0000000087c00000, 0x00000000d5580000)
  object space 126976K, 27% used [0x0000000080000000,0x00000000821cbfd8,0x0000000087c00000)
 Metaspace       used 66356K, capacity 69736K, committed 69928K, reserved 1110016K
  class space    used 9076K, capacity 9722K, committed 9776K, reserved 1048576K
Event: 8.823 GC heap after
Heap after GC invocations=17 (full 3):
 PSYoungGen      total 253440K, used 14779K [0x00000000d5580000, 0x00000000e6780000, 0x0000000100000000)
  eden space 234496K, 0% used [0x00000000d5580000,0x00000000d5580000,0x00000000e3a80000)
  from space 18944K, 78% used [0x00000000e5500000,0x00000000e636ee18,0x00000000e6780000)
  to   space 23040K, 0% used [0x00000000e3a80000,0x00000000e3a80000,0x00000000e5100000)
 ParOldGen       total 126976K, used 34615K [0x0000000080000000, 0x0000000087c00000, 0x00000000d5580000)
  object space 126976K, 27% used [0x0000000080000000,0x00000000821cdfd8,0x0000000087c00000)
 Metaspace       used 66356K, capacity 69736K, committed 69928K, reserved 1110016K
  class space    used 9076K, capacity 9722K, committed 9776K, reserved 1048576K
}
Event: 10.202 GC heap before
{Heap before GC invocations=18 (full 3):
 PSYoungGen      total 253440K, used 249275K [0x00000000d5580000, 0x00000000e6780000, 0x0000000100000000)
  eden space 234496K, 100% used [0x00000000d5580000,0x00000000e3a80000,0x00000000e3a80000)
  from space 18944K, 78% used [0x00000000e5500000,0x00000000e636ee18,0x00000000e6780000)
  to   space 23040K, 0% used [0x00000000e3a80000,0x00000000e3a80000,0x00000000e5100000)
 ParOldGen       total 126976K, used 34615K [0x0000000080000000, 0x0000000087c00000, 0x00000000d5580000)
  object space 126976K, 27% used [0x0000000080000000,0x00000000821cdfd8,0x0000000087c00000)
 Metaspace       used 71046K, capacity 74696K, committed 74920K, reserved 1114112K
  class space    used 9674K, capacity 10368K, committed 10416K, reserved 1048576K
Event: 10.236 GC heap after
Heap after GC invocations=18 (full 3):
 PSYoungGen      total 257536K, used 23033K [0x00000000d5580000, 0x00000000e9b00000, 0x0000000100000000)
  eden space 234496K, 0% used [0x00000000d5580000,0x00000000d5580000,0x00000000e3a80000)
  from space 23040K, 99% used [0x00000000e3a80000,0x00000000e50fe7a0,0x00000000e5100000)
  to   space 29184K, 0% used [0x00000000e7e80000,0x00000000e7e80000,0x00000000e9b00000)
 ParOldGen       total 126976K, used 43134K [0x0000000080000000, 0x0000000087c00000, 0x00000000d5580000)
  object space 126976K, 33% used [0x0000000080000000,0x0000000082a1f888,0x0000000087c00000)
 Metaspace       used 71046K, capacity 74696K, committed 74920K, reserved 1114112K
  class space    used 9674K, capacity 10368K, committed 10416K, reserved 1048576K
}
Event: 60.895 GC heap before
{Heap before GC invocations=19 (full 3):
 PSYoungGen      total 257536K, used 257529K [0x00000000d5580000, 0x00000000e9b00000, 0x0000000100000000)
  eden space 234496K, 100% used [0x00000000d5580000,0x00000000e3a80000,0x00000000e3a80000)
  from space 23040K, 99% used [0x00000000e3a80000,0x00000000e50fe7a0,0x00000000e5100000)
  to   space 29184K, 0% used [0x00000000e7e80000,0x00000000e7e80000,0x00000000e9b00000)
 ParOldGen       total 126976K, used 43134K [0x0000000080000000, 0x0000000087c00000, 0x00000000d5580000)
  object space 126976K, 33% used [0x0000000080000000,0x0000000082a1f888,0x0000000087c00000)
 Metaspace       used 75297K, capacity 79252K, committed 79400K, reserved 1118208K
  class space    used 10044K, capacity 10766K, committed 10800K, reserved 1048576K
Event: 60.916 GC heap after
Heap after GC invocations=19 (full 3):
 PSYoungGen      total 295936K, used 26072K [0x00000000d5580000, 0x00000000e9a80000, 0x0000000100000000)
  eden space 267264K, 0% used [0x00000000d5580000,0x00000000d5580000,0x00000000e5a80000)
  from space 28672K, 90% used [0x00000000e7e80000,0x00000000e97f6248,0x00000000e9a80000)
  to   space 32768K, 0% used [0x00000000e5a80000,0x00000000e5a80000,0x00000000e7a80000)
 ParOldGen       total 126976K, used 43142K [0x0000000080000000, 0x0000000087c00000, 0x00000000d5580000)
  object space 126976K, 33% used [0x0000000080000000,0x0000000082a21888,0x0000000087c00000)
 Metaspace       used 75297K, capacity 79252K, committed 79400K, reserved 1118208K
  class space    used 10044K, capacity 10766K, committed 10800K, reserved 1048576K
}
Event: 65.306 GC heap before
{Heap before GC invocations=20 (full 3):
 PSYoungGen      total 295936K, used 293336K [0x00000000d5580000, 0x00000000e9a80000, 0x0000000100000000)
  eden space 267264K, 100% used [0x00000000d5580000,0x00000000e5a80000,0x00000000e5a80000)
  from space 28672K, 90% used [0x00000000e7e80000,0x00000000e97f6248,0x00000000e9a80000)
  to   space 32768K, 0% used [0x00000000e5a80000,0x00000000e5a80000,0x00000000e7a80000)
 ParOldGen       total 126976K, used 43142K [0x0000000080000000, 0x0000000087c00000, 0x00000000d5580000)
  object space 126976K, 33% used [0x0000000080000000,0x0000000082a21888,0x0000000087c00000)
 Metaspace       used 76216K, capacity 80252K, committed 80552K, reserved 1118208K
  class space    used 10096K, capacity 10868K, committed 10928K, reserved 1048576K
Event: 65.332 GC heap after
Heap after GC invocations=20 (full 3):
 PSYoungGen      total 300032K, used 32765K [0x00000000d5580000, 0x00000000e9a80000, 0x0000000100000000)
  eden space 267264K, 0% used [0x00000000d5580000,0x00000000d5580000,0x00000000e5a80000)
  from space 32768K, 99% used [0x00000000e5a80000,0x00000000e7a7f638,0x00000000e7a80000)
  to   space 28672K, 0% used [0x00000000e7e80000,0x00000000e7e80000,0x00000000e9a80000)
 ParOldGen       total 126976K, used 54571K [0x0000000080000000, 0x0000000087c00000, 0x00000000d5580000)
  object space 126976K, 42% used [0x0000000080000000,0x000000008354ad70,0x0000000087c00000)
 Metaspace       used 76216K, capacity 80252K, committed 80552K, reserved 1118208K
  class space    used 10096K, capacity 10868K, committed 10928K, reserved 1048576K
}

