# JRE version: OpenJDK Runtime Environment (8.0_242-b01) (build 1.8.0_242-release-1644-b01)
# Java VM: OpenJDK 64-Bit Server VM (25.242-b01 mixed mode windows-amd64 compressed oops)
Heap:
 PSYoungGen      total 246784K, used 190176K [0x00000000d5580000, 0x00000000e5a80000, 0x0000000100000000)
  eden space 226816K, 75% used [0x00000000d5580000,0x00000000dfdc48f8,0x00000000e3300000)
  from space 19968K, 89% used [0x00000000e3300000,0x00000000e4473a30,0x00000000e4680000)
  to   space 20480K, 0% used [0x00000000e4680000,0x00000000e4680000,0x00000000e5a80000)
 ParOldGen       total 117760K, used 33452K [0x0000000080000000, 0x0000000087300000, 0x00000000d5580000)
  object space 117760K, 28% used [0x0000000080000000,0x00000000820ab378,0x0000000087300000)
 Metaspace       used 66253K, capacity 69570K, committed 69672K, reserved 1110016K
  class space    used 9076K, capacity 9723K, committed 9776K, reserved 1048576K
GC Heap History (10 events):
Event: 3.860 GC heap before
{Heap before GC invocations=12 (full 2):
 PSYoungGen      total 140288K, used 129024K [0x00000000d5580000, 0x00000000e1c00000, 0x0000000100000000)
  eden space 129024K, 100% used [0x00000000d5580000,0x00000000dd380000,0x00000000dd380000)
  from space 11264K, 0% used [0x00000000dd380000,0x00000000dd380000,0x00000000dde80000)
  to   space 12800K, 0% used [0x00000000e0f80000,0x00000000e0f80000,0x00000000e1c00000)
 ParOldGen       total 74752K, used 17174K [0x0000000080000000, 0x0000000084900000, 0x00000000d5580000)
  object space 74752K, 22% used [0x0000000080000000,0x00000000810c5a50,0x0000000084900000)
 Metaspace       used 38868K, capacity 40658K, committed 40872K, reserved 1085440K
  class space    used 5371K, capacity 5749K, committed 5808K, reserved 1048576K
Event: 3.869 GC heap after
Heap after GC invocations=12 (full 2):
 PSYoungGen      total 182784K, used 9878K [0x00000000d5580000, 0x00000000e1980000, 0x0000000100000000)
  eden space 172544K, 0% used [0x00000000d5580000,0x00000000d5580000,0x00000000dfe00000)
  from space 10240K, 96% used [0x00000000e0f80000,0x00000000e19258e0,0x00000000e1980000)
  to   space 13312K, 0% used [0x00000000dff80000,0x00000000dff80000,0x00000000e0c80000)
 ParOldGen       total 74752K, used 17182K [0x0000000080000000, 0x0000000084900000, 0x00000000d5580000)
  object space 74752K, 22% used [0x0000000080000000,0x00000000810c7a50,0x0000000084900000)
 Metaspace       used 38868K, capacity 40658K, committed 40872K, reserved 1085440K
  class space    used 5371K, capacity 5749K, committed 5808K, reserved 1048576K
}
Event: 5.316 GC heap before
{Heap before GC invocations=13 (full 2):
 PSYoungGen      total 182784K, used 182422K [0x00000000d5580000, 0x00000000e1980000, 0x0000000100000000)
  eden space 172544K, 100% used [0x00000000d5580000,0x00000000dfe00000,0x00000000dfe00000)
  from space 10240K, 96% used [0x00000000e0f80000,0x00000000e19258e0,0x00000000e1980000)
  to   space 13312K, 0% used [0x00000000dff80000,0x00000000dff80000,0x00000000e0c80000)
 ParOldGen       total 74752K, used 17182K [0x0000000080000000, 0x0000000084900000, 0x00000000d5580000)
  object space 74752K, 22% used [0x0000000080000000,0x00000000810c7a50,0x0000000084900000)
 Metaspace       used 54646K, capacity 56968K, committed 57128K, reserved 1097728K
  class space    used 7458K, capacity 7957K, committed 7984K, reserved 1048576K
Event: 5.340 GC heap after
Heap after GC invocations=13 (full 2):
 PSYoungGen      total 187392K, used 13309K [0x00000000d5580000, 0x00000000e5a80000, 0x0000000100000000)
  eden space 174080K, 0% used [0x00000000d5580000,0x00000000d5580000,0x00000000dff80000)
  from space 13312K, 99% used [0x00000000dff80000,0x00000000e0c7f6c0,0x00000000e0c80000)
  to   space 20480K, 0% used [0x00000000e4680000,0x00000000e4680000,0x00000000e5a80000)
 ParOldGen       total 74752K, used 31204K [0x0000000080000000, 0x0000000084900000, 0x00000000d5580000)
  object space 74752K, 41% used [0x0000000080000000,0x0000000081e792c0,0x0000000084900000)
 Metaspace       used 54646K, capacity 56968K, committed 57128K, reserved 1097728K
  class space    used 7458K, capacity 7957K, committed 7984K, reserved 1048576K
}
Event: 5.704 GC heap before
{Heap before GC invocations=14 (full 2):
 PSYoungGen      total 187392K, used 61693K [0x00000000d5580000, 0x00000000e5a80000, 0x0000000100000000)
  eden space 174080K, 27% used [0x00000000d5580000,0x00000000d84bfd98,0x00000000dff80000)
  from space 13312K, 99% used [0x00000000dff80000,0x00000000e0c7f6c0,0x00000000e0c80000)
  to   space 20480K, 0% used [0x00000000e4680000,0x00000000e4680000,0x00000000e5a80000)
 ParOldGen       total 74752K, used 31204K [0x0000000080000000, 0x0000000084900000, 0x00000000d5580000)
  object space 74752K, 41% used [0x0000000080000000,0x0000000081e792c0,0x0000000084900000)
 Metaspace       used 56642K, capacity 59014K, committed 59160K, reserved 1099776K
  class space    used 7754K, capacity 8267K, committed 8368K, reserved 1048576K
Event: 5.716 GC heap after
Heap after GC invocations=14 (full 2):
 PSYoungGen      total 247296K, used 4679K [0x00000000d5580000, 0x00000000e5a80000, 0x0000000100000000)
  eden space 226816K, 0% used [0x00000000d5580000,0x00000000d5580000,0x00000000e3300000)
  from space 20480K, 22% used [0x00000000e4680000,0x00000000e4b11f38,0x00000000e5a80000)
  to   space 19968K, 0% used [0x00000000e3300000,0x00000000e3300000,0x00000000e4680000)
 ParOldGen       total 74752K, used 42337K [0x0000000080000000, 0x0000000084900000, 0x00000000d5580000)
  object space 74752K, 56% used [0x0000000080000000,0x0000000082958798,0x0000000084900000)
 Metaspace       used 56642K, capacity 59014K, committed 59160K, reserved 1099776K
  class space    used 7754K, capacity 8267K, committed 8368K, reserved 1048576K
}
Event: 5.716 GC heap before
{Heap before GC invocations=15 (full 3):
 PSYoungGen      total 247296K, used 4679K [0x00000000d5580000, 0x00000000e5a80000, 0x0000000100000000)
  eden space 226816K, 0% used [0x00000000d5580000,0x00000000d5580000,0x00000000e3300000)
  from space 20480K, 22% used [0x00000000e4680000,0x00000000e4b11f38,0x00000000e5a80000)
  to   space 19968K, 0% used [0x00000000e3300000,0x00000000e3300000,0x00000000e4680000)
 ParOldGen       total 74752K, used 42337K [0x0000000080000000, 0x0000000084900000, 0x00000000d5580000)
  object space 74752K, 56% used [0x0000000080000000,0x0000000082958798,0x0000000084900000)
 Metaspace       used 56642K, capacity 59014K, committed 59160K, reserved 1099776K
  class space    used 7754K, capacity 8267K, committed 8368K, reserved 1048576K
Event: 5.945 GC heap after
Heap after GC invocations=15 (full 3):
 PSYoungGen      total 247296K, used 0K [0x00000000d5580000, 0x00000000e5a80000, 0x0000000100000000)
  eden space 226816K, 0% used [0x00000000d5580000,0x00000000d5580000,0x00000000e3300000)
  from space 20480K, 0% used [0x00000000e4680000,0x00000000e4680000,0x00000000e5a80000)
  to   space 19968K, 0% used [0x00000000e3300000,0x00000000e3300000,0x00000000e4680000)
 ParOldGen       total 117760K, used 33444K [0x0000000080000000, 0x0000000087300000, 0x00000000d5580000)
  object space 117760K, 28% used [0x0000000080000000,0x00000000820a9378,0x0000000087300000)
 Metaspace       used 56599K, capacity 58870K, committed 59160K, reserved 1099776K
  class space    used 7741K, capacity 8243K, committed 8368K, reserved 1048576K
}
Event: 7.884 GC heap before
{Heap before GC invocations=16 (full 3):
 PSYoungGen      total 247296K, used 226816K [0x00000000d5580000, 0x00000000e5a80000, 0x0000000100000000)
  eden space 226816K, 100% used [0x00000000d5580000,0x00000000e3300000,0x00000000e3300000)
  from space 20480K, 0% used [0x00000000e4680000,0x00000000e4680000,0x00000000e5a80000)
  to   space 19968K, 0% used [0x00000000e3300000,0x00000000e3300000,0x00000000e4680000)
 ParOldGen       total 117760K, used 33444K [0x0000000080000000, 0x0000000087300000, 0x00000000d5580000)
  object space 117760K, 28% used [0x0000000080000000,0x00000000820a9378,0x0000000087300000)
 Metaspace       used 64935K, capacity 68236K, committed 68264K, reserved 1107968K
  class space    used 8955K, capacity 9628K, committed 9648K, reserved 1048576K
Event: 7.901 GC heap after
Heap after GC invocations=16 (full 3):
 PSYoungGen      total 246784K, used 17870K [0x00000000d5580000, 0x00000000e5a80000, 0x0000000100000000)
  eden space 226816K, 0% used [0x00000000d5580000,0x00000000d5580000,0x00000000e3300000)
  from space 19968K, 89% used [0x00000000e3300000,0x00000000e4473a30,0x00000000e4680000)
  to   space 20480K, 0% used [0x00000000e4680000,0x00000000e4680000,0x00000000e5a80000)
 ParOldGen       total 117760K, used 33452K [0x0000000080000000, 0x0000000087300000, 0x00000000d5580000)
  object space 117760K, 28% used [0x0000000080000000,0x00000000820ab378,0x0000000087300000)
 Metaspace       used 64935K, capacity 68236K, committed 68264K, reserved 1107968K
  class space    used 8955K, capacity 9628K, committed 9648K, reserved 1048576K
}

