# JRE version: OpenJDK Runtime Environment (8.0_242-b01) (build 1.8.0_242-release-1644-b01)
# Java VM: OpenJDK 64-Bit Server VM (25.242-b01 mixed mode windows-amd64 compressed oops)
Heap:
 PSYoungGen      total 283136K, used 128329K [0x00000000d5580000, 0x00000000e8800000, 0x0000000100000000)
  eden space 253440K, 50% used [0x00000000d5580000,0x00000000dd2d2670,0x00000000e4d00000)
  from space 29696K, 0% used [0x00000000e6b00000,0x00000000e6b00000,0x00000000e8800000)
  to   space 30208K, 0% used [0x00000000e4d00000,0x00000000e4d00000,0x00000000e6a80000)
 ParOldGen       total 136704K, used 65117K [0x0000000080000000, 0x0000000088580000, 0x00000000d5580000)
  object space 136704K, 47% used [0x0000000080000000,0x0000000083f97630,0x0000000088580000)
 Metaspace       used 96371K, capacity 101086K, committed 101720K, reserved 1136640K
  class space    used 12621K, capacity 13599K, committed 13696K, reserved 1048576K
GC Heap History (10 events):
Event: 13.560 GC heap before
{Heap before GC invocations=18 (full 3):
 PSYoungGen      total 219648K, used 219621K [0x00000000d5580000, 0x00000000e4a00000, 0x0000000100000000)
  eden space 201216K, 100% used [0x00000000d5580000,0x00000000e1a00000,0x00000000e1a00000)
  from space 18432K, 99% used [0x00000000e3100000,0x00000000e42f94f0,0x00000000e4300000)
  to   space 23552K, 0% used [0x00000000e1a00000,0x00000000e1a00000,0x00000000e3100000)
 ParOldGen       total 136704K, used 42476K [0x0000000080000000, 0x0000000088580000, 0x00000000d5580000)
  object space 136704K, 31% used [0x0000000080000000,0x000000008297b178,0x0000000088580000)
 Metaspace       used 82597K, capacity 86930K, committed 87000K, reserved 1124352K
  class space    used 11189K, capacity 12031K, committed 12032K, reserved 1048576K
Event: 13.577 GC heap after
Heap after GC invocations=18 (full 3):
 PSYoungGen      total 224768K, used 23540K [0x00000000d5580000, 0x00000000e7a00000, 0x0000000100000000)
  eden space 201216K, 0% used [0x00000000d5580000,0x00000000d5580000,0x00000000e1a00000)
  from space 23552K, 99% used [0x00000000e1a00000,0x00000000e30fd228,0x00000000e3100000)
  to   space 30720K, 0% used [0x00000000e5c00000,0x00000000e5c00000,0x00000000e7a00000)
 ParOldGen       total 136704K, used 52483K [0x0000000080000000, 0x0000000088580000, 0x00000000d5580000)
  object space 136704K, 38% used [0x0000000080000000,0x0000000083340dd8,0x0000000088580000)
 Metaspace       used 82597K, capacity 86930K, committed 87000K, reserved 1124352K
  class space    used 11189K, capacity 12031K, committed 12032K, reserved 1048576K
}
Event: 22.590 GC heap before
{Heap before GC invocations=19 (full 3):
 PSYoungGen      total 224768K, used 224756K [0x00000000d5580000, 0x00000000e7a00000, 0x0000000100000000)
  eden space 201216K, 100% used [0x00000000d5580000,0x00000000e1a00000,0x00000000e1a00000)
  from space 23552K, 99% used [0x00000000e1a00000,0x00000000e30fd228,0x00000000e3100000)
  to   space 30720K, 0% used [0x00000000e5c00000,0x00000000e5c00000,0x00000000e7a00000)
 ParOldGen       total 136704K, used 52483K [0x0000000080000000, 0x0000000088580000, 0x00000000d5580000)
  object space 136704K, 38% used [0x0000000080000000,0x0000000083340dd8,0x0000000088580000)
 Metaspace       used 89252K, capacity 93832K, committed 93912K, reserved 1130496K
  class space    used 11785K, capacity 12732K, committed 12800K, reserved 1048576K
Event: 22.611 GC heap after
Heap after GC invocations=19 (full 3):
 PSYoungGen      total 255488K, used 14883K [0x00000000d5580000, 0x00000000e7280000, 0x0000000100000000)
  eden space 232448K, 0% used [0x00000000d5580000,0x00000000d5580000,0x00000000e3880000)
  from space 23040K, 64% used [0x00000000e5c00000,0x00000000e6a88fa0,0x00000000e7280000)
  to   space 29696K, 0% used [0x00000000e3880000,0x00000000e3880000,0x00000000e5580000)
 ParOldGen       total 136704K, used 73746K [0x0000000080000000, 0x0000000088580000, 0x00000000d5580000)
  object space 136704K, 53% used [0x0000000080000000,0x0000000084804b98,0x0000000088580000)
 Metaspace       used 89252K, capacity 93832K, committed 93912K, reserved 1130496K
  class space    used 11785K, capacity 12732K, committed 12800K, reserved 1048576K
}
Event: 35.906 GC heap before
{Heap before GC invocations=20 (full 3):
 PSYoungGen      total 255488K, used 247331K [0x00000000d5580000, 0x00000000e7280000, 0x0000000100000000)
  eden space 232448K, 100% used [0x00000000d5580000,0x00000000e3880000,0x00000000e3880000)
  from space 23040K, 64% used [0x00000000e5c00000,0x00000000e6a88fa0,0x00000000e7280000)
  to   space 29696K, 0% used [0x00000000e3880000,0x00000000e3880000,0x00000000e5580000)
 ParOldGen       total 136704K, used 73746K [0x0000000080000000, 0x0000000088580000, 0x00000000d5580000)
  object space 136704K, 53% used [0x0000000080000000,0x0000000084804b98,0x0000000088580000)
 Metaspace       used 91506K, capacity 96476K, committed 96728K, reserved 1132544K
  class space    used 12050K, capacity 13016K, committed 13056K, reserved 1048576K
Event: 35.921 GC heap after
Heap after GC invocations=20 (full 3):
 PSYoungGen      total 262144K, used 23877K [0x00000000d5580000, 0x00000000e8a00000, 0x0000000100000000)
  eden space 232448K, 0% used [0x00000000d5580000,0x00000000d5580000,0x00000000e3880000)
  from space 29696K, 80% used [0x00000000e3880000,0x00000000e4fd1500,0x00000000e5580000)
  to   space 31744K, 0% used [0x00000000e6b00000,0x00000000e6b00000,0x00000000e8a00000)
 ParOldGen       total 136704K, used 73754K [0x0000000080000000, 0x0000000088580000, 0x00000000d5580000)
  object space 136704K, 53% used [0x0000000080000000,0x0000000084806b98,0x0000000088580000)
 Metaspace       used 91506K, capacity 96476K, committed 96728K, reserved 1132544K
  class space    used 12050K, capacity 13016K, committed 13056K, reserved 1048576K
}
Event: 37.969 GC heap before
{Heap before GC invocations=21 (full 3):
 PSYoungGen      total 262144K, used 239359K [0x00000000d5580000, 0x00000000e8a00000, 0x0000000100000000)
  eden space 232448K, 92% used [0x00000000d5580000,0x00000000e27ee700,0x00000000e3880000)
  from space 29696K, 80% used [0x00000000e3880000,0x00000000e4fd1500,0x00000000e5580000)
  to   space 31744K, 0% used [0x00000000e6b00000,0x00000000e6b00000,0x00000000e8a00000)
 ParOldGen       total 136704K, used 73754K [0x0000000080000000, 0x0000000088580000, 0x00000000d5580000)
  object space 136704K, 53% used [0x0000000080000000,0x0000000084806b98,0x0000000088580000)
 Metaspace       used 93160K, capacity 98194K, committed 98264K, reserved 1134592K
  class space    used 12221K, capacity 13243K, committed 13312K, reserved 1048576K
Event: 37.989 GC heap after
Heap after GC invocations=21 (full 3):
 PSYoungGen      total 283136K, used 15041K [0x00000000d5580000, 0x00000000e8800000, 0x0000000100000000)
  eden space 253440K, 0% used [0x00000000d5580000,0x00000000d5580000,0x00000000e4d00000)
  from space 29696K, 50% used [0x00000000e6b00000,0x00000000e79b0630,0x00000000e8800000)
  to   space 30208K, 0% used [0x00000000e4d00000,0x00000000e4d00000,0x00000000e6a80000)
 ParOldGen       total 136704K, used 73762K [0x0000000080000000, 0x0000000088580000, 0x00000000d5580000)
  object space 136704K, 53% used [0x0000000080000000,0x0000000084808b98,0x0000000088580000)
 Metaspace       used 93160K, capacity 98194K, committed 98264K, reserved 1134592K
  class space    used 12221K, capacity 13243K, committed 13312K, reserved 1048576K
}
Event: 37.989 GC heap before
{Heap before GC invocations=22 (full 4):
 PSYoungGen      total 283136K, used 15041K [0x00000000d5580000, 0x00000000e8800000, 0x0000000100000000)
  eden space 253440K, 0% used [0x00000000d5580000,0x00000000d5580000,0x00000000e4d00000)
  from space 29696K, 50% used [0x00000000e6b00000,0x00000000e79b0630,0x00000000e8800000)
  to   space 30208K, 0% used [0x00000000e4d00000,0x00000000e4d00000,0x00000000e6a80000)
 ParOldGen       total 136704K, used 73762K [0x0000000080000000, 0x0000000088580000, 0x00000000d5580000)
  object space 136704K, 53% used [0x0000000080000000,0x0000000084808b98,0x0000000088580000)
 Metaspace       used 93160K, capacity 98194K, committed 98264K, reserved 1134592K
  class space    used 12221K, capacity 13243K, committed 13312K, reserved 1048576K
Event: 38.143 GC heap after
Heap after GC invocations=22 (full 4):
 PSYoungGen      total 283136K, used 0K [0x00000000d5580000, 0x00000000e8800000, 0x0000000100000000)
  eden space 253440K, 0% used [0x00000000d5580000,0x00000000d5580000,0x00000000e4d00000)
  from space 29696K, 0% used [0x00000000e6b00000,0x00000000e6b00000,0x00000000e8800000)
  to   space 30208K, 0% used [0x00000000e4d00000,0x00000000e4d00000,0x00000000e6a80000)
 ParOldGen       total 136704K, used 65117K [0x0000000080000000, 0x0000000088580000, 0x00000000d5580000)
  object space 136704K, 47% used [0x0000000080000000,0x0000000083f97630,0x0000000088580000)
 Metaspace       used 92891K, capacity 97384K, committed 98264K, reserved 1134592K
  class space    used 12135K, capacity 13090K, committed 13312K, reserved 1048576K
}

