# JRE version: OpenJDK Runtime Environment (8.0_242-b01) (build 1.8.0_242-release-1644-b01)
# Java VM: OpenJDK 64-Bit Server VM (25.242-b01 mixed mode windows-amd64 compressed oops)
Heap:
 PSYoungGen      total 222208K, used 33439K [0x00000000d5580000, 0x00000000e6a80000, 0x0000000100000000)
  eden space 201216K, 8% used [0x00000000d5580000,0x00000000d6556580,0x00000000e1a00000)
  from space 20992K, 82% used [0x00000000e1a00000,0x00000000e2ad19c0,0x00000000e2e80000)
  to   space 22528K, 0% used [0x00000000e5480000,0x00000000e5480000,0x00000000e6a80000)
 ParOldGen       total 124416K, used 34695K [0x0000000080000000, 0x0000000087980000, 0x00000000d5580000)
  object space 124416K, 27% used [0x0000000080000000,0x00000000821e1d28,0x0000000087980000)
 Metaspace       used 64891K, capacity 68293K, committed 68632K, reserved 1107968K
  class space    used 8962K, capacity 9655K, committed 9776K, reserved 1048576K
GC Heap History (10 events):
Event: 3.853 GC heap before
{Heap before GC invocations=12 (full 2):
 PSYoungGen      total 139264K, used 127488K [0x00000000d5580000, 0x00000000e1900000, 0x0000000100000000)
  eden space 127488K, 100% used [0x00000000d5580000,0x00000000dd200000,0x00000000dd200000)
  from space 11776K, 0% used [0x00000000dd200000,0x00000000dd200000,0x00000000ddd80000)
  to   space 12800K, 0% used [0x00000000e0c80000,0x00000000e0c80000,0x00000000e1900000)
 ParOldGen       total 79360K, used 17200K [0x0000000080000000, 0x0000000084d80000, 0x00000000d5580000)
  object space 79360K, 21% used [0x0000000080000000,0x00000000810cc140,0x0000000084d80000)
 Metaspace       used 38818K, capacity 40632K, committed 40872K, reserved 1085440K
  class space    used 5365K, capacity 5782K, committed 5808K, reserved 1048576K
Event: 3.860 GC heap after
Heap after GC invocations=12 (full 2):
 PSYoungGen      total 172544K, used 9893K [0x00000000d5580000, 0x00000000e1680000, 0x0000000100000000)
  eden space 162304K, 0% used [0x00000000d5580000,0x00000000d5580000,0x00000000df400000)
  from space 10240K, 96% used [0x00000000e0c80000,0x00000000e16296c8,0x00000000e1680000)
  to   space 13312K, 0% used [0x00000000dfc80000,0x00000000dfc80000,0x00000000e0980000)
 ParOldGen       total 79360K, used 17208K [0x0000000080000000, 0x0000000084d80000, 0x00000000d5580000)
  object space 79360K, 21% used [0x0000000080000000,0x00000000810ce140,0x0000000084d80000)
 Metaspace       used 38818K, capacity 40632K, committed 40872K, reserved 1085440K
  class space    used 5365K, capacity 5782K, committed 5808K, reserved 1048576K
}
Event: 5.082 GC heap before
{Heap before GC invocations=13 (full 2):
 PSYoungGen      total 172544K, used 172197K [0x00000000d5580000, 0x00000000e1680000, 0x0000000100000000)
  eden space 162304K, 100% used [0x00000000d5580000,0x00000000df400000,0x00000000df400000)
  from space 10240K, 96% used [0x00000000e0c80000,0x00000000e16296c8,0x00000000e1680000)
  to   space 13312K, 0% used [0x00000000dfc80000,0x00000000dfc80000,0x00000000e0980000)
 ParOldGen       total 79360K, used 17208K [0x0000000080000000, 0x0000000084d80000, 0x00000000d5580000)
  object space 79360K, 21% used [0x0000000080000000,0x00000000810ce140,0x0000000084d80000)
 Metaspace       used 52884K, capacity 55072K, committed 55208K, reserved 1097728K
  class space    used 7105K, capacity 7568K, committed 7600K, reserved 1048576K
Event: 5.102 GC heap after
Heap after GC invocations=13 (full 2):
 PSYoungGen      total 184320K, used 13284K [0x00000000d5580000, 0x00000000e4180000, 0x0000000100000000)
  eden space 171008K, 0% used [0x00000000d5580000,0x00000000d5580000,0x00000000dfc80000)
  from space 13312K, 99% used [0x00000000dfc80000,0x00000000e0979330,0x00000000e0980000)
  to   space 19456K, 0% used [0x00000000e2e80000,0x00000000e2e80000,0x00000000e4180000)
 ParOldGen       total 79360K, used 29128K [0x0000000080000000, 0x0000000084d80000, 0x00000000d5580000)
  object space 79360K, 36% used [0x0000000080000000,0x0000000081c72008,0x0000000084d80000)
 Metaspace       used 52884K, capacity 55072K, committed 55208K, reserved 1097728K
  class space    used 7105K, capacity 7568K, committed 7600K, reserved 1048576K
}
Event: 5.616 GC heap before
{Heap before GC invocations=14 (full 2):
 PSYoungGen      total 184320K, used 72028K [0x00000000d5580000, 0x00000000e4180000, 0x0000000100000000)
  eden space 171008K, 34% used [0x00000000d5580000,0x00000000d8eddd80,0x00000000dfc80000)
  from space 13312K, 99% used [0x00000000dfc80000,0x00000000e0979330,0x00000000e0980000)
  to   space 19456K, 0% used [0x00000000e2e80000,0x00000000e2e80000,0x00000000e4180000)
 ParOldGen       total 79360K, used 29128K [0x0000000080000000, 0x0000000084d80000, 0x00000000d5580000)
  object space 79360K, 36% used [0x0000000080000000,0x0000000081c72008,0x0000000084d80000)
 Metaspace       used 56579K, capacity 58929K, committed 59160K, reserved 1099776K
  class space    used 7743K, capacity 8240K, committed 8240K, reserved 1048576K
Event: 5.634 GC heap after
Heap after GC invocations=14 (full 2):
 PSYoungGen      total 220672K, used 15104K [0x00000000d5580000, 0x00000000e4f00000, 0x0000000100000000)
  eden space 201216K, 0% used [0x00000000d5580000,0x00000000d5580000,0x00000000e1a00000)
  from space 19456K, 77% used [0x00000000e2e80000,0x00000000e3d400a8,0x00000000e4180000)
  to   space 20992K, 0% used [0x00000000e1a00000,0x00000000e1a00000,0x00000000e2e80000)
 ParOldGen       total 79360K, used 33929K [0x0000000080000000, 0x0000000084d80000, 0x00000000d5580000)
  object space 79360K, 42% used [0x0000000080000000,0x0000000082122788,0x0000000084d80000)
 Metaspace       used 56579K, capacity 58929K, committed 59160K, reserved 1099776K
  class space    used 7743K, capacity 8240K, committed 8240K, reserved 1048576K
}
Event: 5.634 GC heap before
{Heap before GC invocations=15 (full 3):
 PSYoungGen      total 220672K, used 15104K [0x00000000d5580000, 0x00000000e4f00000, 0x0000000100000000)
  eden space 201216K, 0% used [0x00000000d5580000,0x00000000d5580000,0x00000000e1a00000)
  from space 19456K, 77% used [0x00000000e2e80000,0x00000000e3d400a8,0x00000000e4180000)
  to   space 20992K, 0% used [0x00000000e1a00000,0x00000000e1a00000,0x00000000e2e80000)
 ParOldGen       total 79360K, used 33929K [0x0000000080000000, 0x0000000084d80000, 0x00000000d5580000)
  object space 79360K, 42% used [0x0000000080000000,0x0000000082122788,0x0000000084d80000)
 Metaspace       used 56579K, capacity 58929K, committed 59160K, reserved 1099776K
  class space    used 7743K, capacity 8240K, committed 8240K, reserved 1048576K
Event: 5.851 GC heap after
Heap after GC invocations=15 (full 3):
 PSYoungGen      total 220672K, used 0K [0x00000000d5580000, 0x00000000e4f00000, 0x0000000100000000)
  eden space 201216K, 0% used [0x00000000d5580000,0x00000000d5580000,0x00000000e1a00000)
  from space 19456K, 0% used [0x00000000e2e80000,0x00000000e2e80000,0x00000000e4180000)
  to   space 20992K, 0% used [0x00000000e1a00000,0x00000000e1a00000,0x00000000e2e80000)
 ParOldGen       total 124416K, used 34687K [0x0000000080000000, 0x0000000087980000, 0x00000000d5580000)
  object space 124416K, 27% used [0x0000000080000000,0x00000000821dfd28,0x0000000087980000)
 Metaspace       used 56532K, capacity 58773K, committed 59160K, reserved 1099776K
  class space    used 7729K, capacity 8214K, committed 8240K, reserved 1048576K
}
Event: 7.607 GC heap before
{Heap before GC invocations=16 (full 3):
 PSYoungGen      total 220672K, used 201216K [0x00000000d5580000, 0x00000000e4f00000, 0x0000000100000000)
  eden space 201216K, 100% used [0x00000000d5580000,0x00000000e1a00000,0x00000000e1a00000)
  from space 19456K, 0% used [0x00000000e2e80000,0x00000000e2e80000,0x00000000e4180000)
  to   space 20992K, 0% used [0x00000000e1a00000,0x00000000e1a00000,0x00000000e2e80000)
 ParOldGen       total 124416K, used 34687K [0x0000000080000000, 0x0000000087980000, 0x00000000d5580000)
  object space 124416K, 27% used [0x0000000080000000,0x00000000821dfd28,0x0000000087980000)
 Metaspace       used 64738K, capacity 68089K, committed 68376K, reserved 1107968K
  class space    used 8960K, capacity 9653K, committed 9776K, reserved 1048576K
Event: 7.621 GC heap after
Heap after GC invocations=16 (full 3):
 PSYoungGen      total 222208K, used 17222K [0x00000000d5580000, 0x00000000e6a80000, 0x0000000100000000)
  eden space 201216K, 0% used [0x00000000d5580000,0x00000000d5580000,0x00000000e1a00000)
  from space 20992K, 82% used [0x00000000e1a00000,0x00000000e2ad19c0,0x00000000e2e80000)
  to   space 22528K, 0% used [0x00000000e5480000,0x00000000e5480000,0x00000000e6a80000)
 ParOldGen       total 124416K, used 34695K [0x0000000080000000, 0x0000000087980000, 0x00000000d5580000)
  object space 124416K, 27% used [0x0000000080000000,0x00000000821e1d28,0x0000000087980000)
 Metaspace       used 64738K, capacity 68089K, committed 68376K, reserved 1107968K
  class space    used 8960K, capacity 9653K, committed 9776K, reserved 1048576K
}

