# JRE version: OpenJDK Runtime Environment (8.0_242-b01) (build 1.8.0_242-release-1644-b01)
# Java VM: OpenJDK 64-Bit Server VM (25.242-b01 mixed mode windows-amd64 compressed oops)
Heap:
 PSYoungGen      total 257024K, used 41497K [0x00000000d5580000, 0x00000000e7780000, 0x0000000100000000)
  eden space 235008K, 8% used [0x00000000d5580000,0x00000000d6889128,0x00000000e3b00000)
  from space 22016K, 99% used [0x00000000e5780000,0x00000000e6cfd5e8,0x00000000e6d00000)
  to   space 29184K, 0% used [0x00000000e3b00000,0x00000000e3b00000,0x00000000e5780000)
 ParOldGen       total 123904K, used 45112K [0x0000000080000000, 0x0000000087900000, 0x00000000d5580000)
  object space 123904K, 36% used [0x0000000080000000,0x0000000082c0e3c0,0x0000000087900000)
 Metaspace       used 66470K, capacity 69880K, committed 69928K, reserved 1110016K
  class space    used 9115K, capacity 9762K, committed 9776K, reserved 1048576K
GC Heap History (10 events):
Event: 5.091 GC heap before
{Heap before GC invocations=13 (full 2):
 PSYoungGen      total 173568K, used 173135K [0x00000000d5580000, 0x00000000e1580000, 0x0000000100000000)
  eden space 163328K, 100% used [0x00000000d5580000,0x00000000df500000,0x00000000df500000)
  from space 10240K, 95% used [0x00000000e0b80000,0x00000000e1513ed8,0x00000000e1580000)
  to   space 13312K, 0% used [0x00000000dfb80000,0x00000000dfb80000,0x00000000e0880000)
 ParOldGen       total 79872K, used 17297K [0x0000000080000000, 0x0000000084e00000, 0x00000000d5580000)
  object space 79872K, 21% used [0x0000000080000000,0x00000000810e46b8,0x0000000084e00000)
 Metaspace       used 53053K, capacity 55192K, committed 55336K, reserved 1097728K
  class space    used 7153K, capacity 7632K, committed 7728K, reserved 1048576K
Event: 5.110 GC heap after
Heap after GC invocations=13 (full 2):
 PSYoungGen      total 183296K, used 13300K [0x00000000d5580000, 0x00000000e4300000, 0x0000000100000000)
  eden space 169984K, 0% used [0x00000000d5580000,0x00000000d5580000,0x00000000dfb80000)
  from space 13312K, 99% used [0x00000000dfb80000,0x00000000e087d320,0x00000000e0880000)
  to   space 19456K, 0% used [0x00000000e3000000,0x00000000e3000000,0x00000000e4300000)
 ParOldGen       total 79872K, used 29434K [0x0000000080000000, 0x0000000084e00000, 0x00000000d5580000)
  object space 79872K, 36% used [0x0000000080000000,0x0000000081cbea80,0x0000000084e00000)
 Metaspace       used 53053K, capacity 55192K, committed 55336K, reserved 1097728K
  class space    used 7153K, capacity 7632K, committed 7728K, reserved 1048576K
}
Event: 5.584 GC heap before
{Heap before GC invocations=14 (full 2):
 PSYoungGen      total 183296K, used 74655K [0x00000000d5580000, 0x00000000e4300000, 0x0000000100000000)
  eden space 169984K, 36% used [0x00000000d5580000,0x00000000d916ab30,0x00000000dfb80000)
  from space 13312K, 99% used [0x00000000dfb80000,0x00000000e087d320,0x00000000e0880000)
  to   space 19456K, 0% used [0x00000000e3000000,0x00000000e3000000,0x00000000e4300000)
 ParOldGen       total 79872K, used 29434K [0x0000000080000000, 0x0000000084e00000, 0x00000000d5580000)
  object space 79872K, 36% used [0x0000000080000000,0x0000000081cbea80,0x0000000084e00000)
 Metaspace       used 56677K, capacity 59036K, committed 59160K, reserved 1099776K
  class space    used 7763K, capacity 8274K, committed 8368K, reserved 1048576K
Event: 5.601 GC heap after
Heap after GC invocations=14 (full 2):
 PSYoungGen      total 222720K, used 14840K [0x00000000d5580000, 0x00000000e4d80000, 0x0000000100000000)
  eden space 203264K, 0% used [0x00000000d5580000,0x00000000d5580000,0x00000000e1c00000)
  from space 19456K, 76% used [0x00000000e3000000,0x00000000e3e7e3e8,0x00000000e4300000)
  to   space 20480K, 0% used [0x00000000e1c00000,0x00000000e1c00000,0x00000000e3000000)
 ParOldGen       total 79872K, used 34420K [0x0000000080000000, 0x0000000084e00000, 0x00000000d5580000)
  object space 79872K, 43% used [0x0000000080000000,0x000000008219d200,0x0000000084e00000)
 Metaspace       used 56677K, capacity 59036K, committed 59160K, reserved 1099776K
  class space    used 7763K, capacity 8274K, committed 8368K, reserved 1048576K
}
Event: 5.601 GC heap before
{Heap before GC invocations=15 (full 3):
 PSYoungGen      total 222720K, used 14840K [0x00000000d5580000, 0x00000000e4d80000, 0x0000000100000000)
  eden space 203264K, 0% used [0x00000000d5580000,0x00000000d5580000,0x00000000e1c00000)
  from space 19456K, 76% used [0x00000000e3000000,0x00000000e3e7e3e8,0x00000000e4300000)
  to   space 20480K, 0% used [0x00000000e1c00000,0x00000000e1c00000,0x00000000e3000000)
 ParOldGen       total 79872K, used 34420K [0x0000000080000000, 0x0000000084e00000, 0x00000000d5580000)
  object space 79872K, 43% used [0x0000000080000000,0x000000008219d200,0x0000000084e00000)
 Metaspace       used 56677K, capacity 59036K, committed 59160K, reserved 1099776K
  class space    used 7763K, capacity 8274K, committed 8368K, reserved 1048576K
Event: 5.810 GC heap after
Heap after GC invocations=15 (full 3):
 PSYoungGen      total 222720K, used 0K [0x00000000d5580000, 0x00000000e4d80000, 0x0000000100000000)
  eden space 203264K, 0% used [0x00000000d5580000,0x00000000d5580000,0x00000000e1c00000)
  from space 19456K, 0% used [0x00000000e3000000,0x00000000e3000000,0x00000000e4300000)
  to   space 20480K, 0% used [0x00000000e1c00000,0x00000000e1c00000,0x00000000e3000000)
 ParOldGen       total 123904K, used 34709K [0x0000000080000000, 0x0000000087900000, 0x00000000d5580000)
  object space 123904K, 28% used [0x0000000080000000,0x00000000821e5498,0x0000000087900000)
 Metaspace       used 56631K, capacity 58880K, committed 59160K, reserved 1099776K
  class space    used 7749K, capacity 8248K, committed 8368K, reserved 1048576K
}
Event: 7.481 GC heap before
{Heap before GC invocations=16 (full 3):
 PSYoungGen      total 222720K, used 203264K [0x00000000d5580000, 0x00000000e4d80000, 0x0000000100000000)
  eden space 203264K, 100% used [0x00000000d5580000,0x00000000e1c00000,0x00000000e1c00000)
  from space 19456K, 0% used [0x00000000e3000000,0x00000000e3000000,0x00000000e4300000)
  to   space 20480K, 0% used [0x00000000e1c00000,0x00000000e1c00000,0x00000000e3000000)
 ParOldGen       total 123904K, used 34709K [0x0000000080000000, 0x0000000087900000, 0x00000000d5580000)
  object space 123904K, 28% used [0x0000000080000000,0x00000000821e5498,0x0000000087900000)
 Metaspace       used 64323K, capacity 67744K, committed 68008K, reserved 1107968K
  class space    used 8912K, capacity 9592K, committed 9648K, reserved 1048576K
Event: 7.493 GC heap after
Heap after GC invocations=16 (full 3):
 PSYoungGen      total 223744K, used 16654K [0x00000000d5580000, 0x00000000e6d00000, 0x0000000100000000)
  eden space 203264K, 0% used [0x00000000d5580000,0x00000000d5580000,0x00000000e1c00000)
  from space 20480K, 81% used [0x00000000e1c00000,0x00000000e2c43b70,0x00000000e3000000)
  to   space 22016K, 0% used [0x00000000e5780000,0x00000000e5780000,0x00000000e6d00000)
 ParOldGen       total 123904K, used 34717K [0x0000000080000000, 0x0000000087900000, 0x00000000d5580000)
  object space 123904K, 28% used [0x0000000080000000,0x00000000821e7498,0x0000000087900000)
 Metaspace       used 64323K, capacity 67744K, committed 68008K, reserved 1107968K
  class space    used 8912K, capacity 9592K, committed 9648K, reserved 1048576K
}
Event: 8.937 GC heap before
{Heap before GC invocations=17 (full 3):
 PSYoungGen      total 223744K, used 219918K [0x00000000d5580000, 0x00000000e6d00000, 0x0000000100000000)
  eden space 203264K, 100% used [0x00000000d5580000,0x00000000e1c00000,0x00000000e1c00000)
  from space 20480K, 81% used [0x00000000e1c00000,0x00000000e2c43b70,0x00000000e3000000)
  to   space 22016K, 0% used [0x00000000e5780000,0x00000000e5780000,0x00000000e6d00000)
 ParOldGen       total 123904K, used 34717K [0x0000000080000000, 0x0000000087900000, 0x00000000d5580000)
  object space 123904K, 28% used [0x0000000080000000,0x00000000821e7498,0x0000000087900000)
 Metaspace       used 66277K, capacity 69664K, committed 69928K, reserved 1110016K
  class space    used 9092K, capacity 9758K, committed 9776K, reserved 1048576K
Event: 8.957 GC heap after
Heap after GC invocations=17 (full 3):
 PSYoungGen      total 257024K, used 22005K [0x00000000d5580000, 0x00000000e7780000, 0x0000000100000000)
  eden space 235008K, 0% used [0x00000000d5580000,0x00000000d5580000,0x00000000e3b00000)
  from space 22016K, 99% used [0x00000000e5780000,0x00000000e6cfd5e8,0x00000000e6d00000)
  to   space 29184K, 0% used [0x00000000e3b00000,0x00000000e3b00000,0x00000000e5780000)
 ParOldGen       total 123904K, used 45112K [0x0000000080000000, 0x0000000087900000, 0x00000000d5580000)
  object space 123904K, 36% used [0x0000000080000000,0x0000000082c0e3c0,0x0000000087900000)
 Metaspace       used 66277K, capacity 69664K, committed 69928K, reserved 1110016K
  class space    used 9092K, capacity 9758K, committed 9776K, reserved 1048576K
}

