# JRE version: OpenJDK Runtime Environment (8.0_242-b01) (build 1.8.0_242-release-1644-b01)
# Java VM: OpenJDK 64-Bit Server VM (25.242-b01 mixed mode windows-amd64 compressed oops)
Heap:
 PSYoungGen      total 238080K, used 225607K [0x00000000d5580000, 0x00000000e7f80000, 0x0000000100000000)
  eden space 218624K, 95% used [0x00000000d5580000,0x00000000e2090a80,0x00000000e2b00000)
  from space 19456K, 90% used [0x00000000e2b00000,0x00000000e3c41420,0x00000000e3e00000)
  to   space 21504K, 0% used [0x00000000e6a80000,0x00000000e6a80000,0x00000000e7f80000)
 ParOldGen       total 120832K, used 34159K [0x0000000080000000, 0x0000000087600000, 0x00000000d5580000)
  object space 120832K, 28% used [0x0000000080000000,0x000000008215bca0,0x0000000087600000)
 Metaspace       used 66629K, capacity 70008K, committed 70312K, reserved 1110016K
  class space    used 9125K, capacity 9782K, committed 9904K, reserved 1048576K
GC Heap History (10 events):
Event: 3.799 GC heap before
{Heap before GC invocations=12 (full 2):
 PSYoungGen      total 139264K, used 128000K [0x00000000d5580000, 0x00000000e1a80000, 0x0000000100000000)
  eden space 128000K, 100% used [0x00000000d5580000,0x00000000dd280000,0x00000000dd280000)
  from space 11264K, 0% used [0x00000000dd280000,0x00000000dd280000,0x00000000ddd80000)
  to   space 12800K, 0% used [0x00000000e0e00000,0x00000000e0e00000,0x00000000e1a80000)
 ParOldGen       total 76288K, used 17312K [0x0000000080000000, 0x0000000084a80000, 0x00000000d5580000)
  object space 76288K, 22% used [0x0000000080000000,0x00000000810e83e0,0x0000000084a80000)
 Metaspace       used 38809K, capacity 40558K, committed 40872K, reserved 1085440K
  class space    used 5361K, capacity 5743K, committed 5808K, reserved 1048576K
Event: 3.806 GC heap after
Heap after GC invocations=12 (full 2):
 PSYoungGen      total 179200K, used 9801K [0x00000000d5580000, 0x00000000e1800000, 0x0000000100000000)
  eden space 168960K, 0% used [0x00000000d5580000,0x00000000d5580000,0x00000000dfa80000)
  from space 10240K, 95% used [0x00000000e0e00000,0x00000000e1792650,0x00000000e1800000)
  to   space 13312K, 0% used [0x00000000dfe00000,0x00000000dfe00000,0x00000000e0b00000)
 ParOldGen       total 76288K, used 17320K [0x0000000080000000, 0x0000000084a80000, 0x00000000d5580000)
  object space 76288K, 22% used [0x0000000080000000,0x00000000810ea3e0,0x0000000084a80000)
 Metaspace       used 38809K, capacity 40558K, committed 40872K, reserved 1085440K
  class space    used 5361K, capacity 5743K, committed 5808K, reserved 1048576K
}
Event: 5.085 GC heap before
{Heap before GC invocations=13 (full 2):
 PSYoungGen      total 179200K, used 178761K [0x00000000d5580000, 0x00000000e1800000, 0x0000000100000000)
  eden space 168960K, 100% used [0x00000000d5580000,0x00000000dfa80000,0x00000000dfa80000)
  from space 10240K, 95% used [0x00000000e0e00000,0x00000000e1792650,0x00000000e1800000)
  to   space 13312K, 0% used [0x00000000dfe00000,0x00000000dfe00000,0x00000000e0b00000)
 ParOldGen       total 76288K, used 17320K [0x0000000080000000, 0x0000000084a80000, 0x00000000d5580000)
  object space 76288K, 22% used [0x0000000080000000,0x00000000810ea3e0,0x0000000084a80000)
 Metaspace       used 53723K, capacity 55888K, committed 56232K, reserved 1097728K
  class space    used 7289K, capacity 7762K, committed 7856K, reserved 1048576K
Event: 5.102 GC heap after
Heap after GC invocations=13 (full 2):
 PSYoungGen      total 185856K, used 13284K [0x00000000d5580000, 0x00000000e5180000, 0x0000000100000000)
  eden space 172544K, 0% used [0x00000000d5580000,0x00000000d5580000,0x00000000dfe00000)
  from space 13312K, 99% used [0x00000000dfe00000,0x00000000e0af9250,0x00000000e0b00000)
  to   space 19968K, 0% used [0x00000000e3e00000,0x00000000e3e00000,0x00000000e5180000)
 ParOldGen       total 76288K, used 30306K [0x0000000080000000, 0x0000000084a80000, 0x00000000d5580000)
  object space 76288K, 39% used [0x0000000080000000,0x0000000081d988c0,0x0000000084a80000)
 Metaspace       used 53723K, capacity 55888K, committed 56232K, reserved 1097728K
  class space    used 7289K, capacity 7762K, committed 7856K, reserved 1048576K
}
Event: 5.549 GC heap before
{Heap before GC invocations=14 (full 2):
 PSYoungGen      total 185856K, used 69639K [0x00000000d5580000, 0x00000000e5180000, 0x0000000100000000)
  eden space 172544K, 32% used [0x00000000d5580000,0x00000000d8c88d88,0x00000000dfe00000)
  from space 13312K, 99% used [0x00000000dfe00000,0x00000000e0af9250,0x00000000e0b00000)
  to   space 19968K, 0% used [0x00000000e3e00000,0x00000000e3e00000,0x00000000e5180000)
 ParOldGen       total 76288K, used 30306K [0x0000000080000000, 0x0000000084a80000, 0x00000000d5580000)
  object space 76288K, 39% used [0x0000000080000000,0x0000000081d988c0,0x0000000084a80000)
 Metaspace       used 56635K, capacity 58994K, committed 59160K, reserved 1099776K
  class space    used 7754K, capacity 8263K, committed 8368K, reserved 1048576K
Event: 5.560 GC heap after
Heap after GC invocations=14 (full 2):
 PSYoungGen      total 238592K, used 5892K [0x00000000d5580000, 0x00000000e5380000, 0x0000000100000000)
  eden space 218624K, 0% used [0x00000000d5580000,0x00000000d5580000,0x00000000e2b00000)
  from space 19968K, 29% used [0x00000000e3e00000,0x00000000e43c1060,0x00000000e5180000)
  to   space 19456K, 0% used [0x00000000e2b00000,0x00000000e2b00000,0x00000000e3e00000)
 ParOldGen       total 76288K, used 40999K [0x0000000080000000, 0x0000000084a80000, 0x00000000d5580000)
  object space 76288K, 53% used [0x0000000080000000,0x0000000082809c38,0x0000000084a80000)
 Metaspace       used 56635K, capacity 58994K, committed 59160K, reserved 1099776K
  class space    used 7754K, capacity 8263K, committed 8368K, reserved 1048576K
}
Event: 5.560 GC heap before
{Heap before GC invocations=15 (full 3):
 PSYoungGen      total 238592K, used 5892K [0x00000000d5580000, 0x00000000e5380000, 0x0000000100000000)
  eden space 218624K, 0% used [0x00000000d5580000,0x00000000d5580000,0x00000000e2b00000)
  from space 19968K, 29% used [0x00000000e3e00000,0x00000000e43c1060,0x00000000e5180000)
  to   space 19456K, 0% used [0x00000000e2b00000,0x00000000e2b00000,0x00000000e3e00000)
 ParOldGen       total 76288K, used 40999K [0x0000000080000000, 0x0000000084a80000, 0x00000000d5580000)
  object space 76288K, 53% used [0x0000000080000000,0x0000000082809c38,0x0000000084a80000)
 Metaspace       used 56635K, capacity 58994K, committed 59160K, reserved 1099776K
  class space    used 7754K, capacity 8263K, committed 8368K, reserved 1048576K
Event: 5.768 GC heap after
Heap after GC invocations=15 (full 3):
 PSYoungGen      total 238592K, used 0K [0x00000000d5580000, 0x00000000e5380000, 0x0000000100000000)
  eden space 218624K, 0% used [0x00000000d5580000,0x00000000d5580000,0x00000000e2b00000)
  from space 19968K, 0% used [0x00000000e3e00000,0x00000000e3e00000,0x00000000e5180000)
  to   space 19456K, 0% used [0x00000000e2b00000,0x00000000e2b00000,0x00000000e3e00000)
 ParOldGen       total 120832K, used 34151K [0x0000000080000000, 0x0000000087600000, 0x00000000d5580000)
  object space 120832K, 28% used [0x0000000080000000,0x0000000082159ca0,0x0000000087600000)
 Metaspace       used 56601K, capacity 58880K, committed 59160K, reserved 1099776K
  class space    used 7744K, capacity 8244K, committed 8368K, reserved 1048576K
}
Event: 7.561 GC heap before
{Heap before GC invocations=16 (full 3):
 PSYoungGen      total 238592K, used 218624K [0x00000000d5580000, 0x00000000e5380000, 0x0000000100000000)
  eden space 218624K, 100% used [0x00000000d5580000,0x00000000e2b00000,0x00000000e2b00000)
  from space 19968K, 0% used [0x00000000e3e00000,0x00000000e3e00000,0x00000000e5180000)
  to   space 19456K, 0% used [0x00000000e2b00000,0x00000000e2b00000,0x00000000e3e00000)
 ParOldGen       total 120832K, used 34151K [0x0000000080000000, 0x0000000087600000, 0x00000000d5580000)
  object space 120832K, 28% used [0x0000000080000000,0x0000000082159ca0,0x0000000087600000)
 Metaspace       used 64959K, capacity 68376K, committed 68648K, reserved 1107968K
  class space    used 8972K, capacity 9654K, committed 9776K, reserved 1048576K
Event: 7.574 GC heap after
Heap after GC invocations=16 (full 3):
 PSYoungGen      total 238080K, used 17669K [0x00000000d5580000, 0x00000000e7f80000, 0x0000000100000000)
  eden space 218624K, 0% used [0x00000000d5580000,0x00000000d5580000,0x00000000e2b00000)
  from space 19456K, 90% used [0x00000000e2b00000,0x00000000e3c41420,0x00000000e3e00000)
  to   space 21504K, 0% used [0x00000000e6a80000,0x00000000e6a80000,0x00000000e7f80000)
 ParOldGen       total 120832K, used 34159K [0x0000000080000000, 0x0000000087600000, 0x00000000d5580000)
  object space 120832K, 28% used [0x0000000080000000,0x000000008215bca0,0x0000000087600000)
 Metaspace       used 64959K, capacity 68376K, committed 68648K, reserved 1107968K
  class space    used 8972K, capacity 9654K, committed 9776K, reserved 1048576K
}

